2019-06-24 22:26:10 568 InnoDB: Warning: Using innodb_additional_mem_pool_size is DEPRECATED. This option may be removed in future releases, together with the option innodb_use_sys_malloc and with the InnoDB's internal memory allocator.
2019-06-24 22:26:10 1384 [Note] InnoDB: innodb_empty_free_list_algorithm has been changed to legacy because of small buffer pool size. In order to use backoff, increase buffer pool at least up to 20MB.

2019-06-24 22:26:10 1384 [Note] InnoDB: Using mutexes to ref count buffer pool pages
2019-06-24 22:26:10 1384 [Note] InnoDB: The InnoDB memory heap is disabled
2019-06-24 22:26:10 1384 [Note] InnoDB: Mutexes and rw_locks use Windows interlocked functions
2019-06-24 22:26:10 1384 [Note] InnoDB: _mm_lfence() and _mm_sfence() are used for memory barrier
2019-06-24 22:26:10 1384 [Note] InnoDB: Compressed tables use zlib 1.2.11
2019-06-24 22:26:10 1384 [Note] InnoDB: Using generic crc32 instructions
2019-06-24 22:26:10 1384 [Note] InnoDB: Initializing buffer pool, size = 16.0M
2019-06-24 22:26:10 1384 [Note] InnoDB: Completed initialization of buffer pool
2019-06-24 22:26:10 1384 [Note] InnoDB: Highest supported file format is Barracuda.
2019-06-24 22:26:10 1384 [Note] InnoDB: The log sequence number 1835037 in ibdata file do not match the log sequence number 2971968 in the ib_logfiles!
2019-06-24 22:26:11 1384 [Note] InnoDB: Restoring possible half-written data pages from the doublewrite buffer...
2019-06-24 22:26:11 1384 [Note] InnoDB: 128 rollback segment(s) are active.
2019-06-24 22:26:11 1384 [Note] InnoDB: Waiting for purge to start
2019-06-24 22:26:11 1384 [Note] InnoDB:  Percona XtraDB (http://www.percona.com) 5.6.42-84.2 started; log sequence number 2971968
2019-06-24 22:26:11 1072 [Note] InnoDB: Dumping buffer pool(s) not yet started
2019-06-24 22:26:11 1384 [Note] Plugin 'FEEDBACK' is disabled.
2019-06-24 22:26:11 1384 [Note] Server socket created on IP: '::'.
2019-06-24 22:26:11 1384 [Note] c:\xampp\mysql\bin\mysqld.exe: ready for connections.
Version: '10.1.38-MariaDB'  socket: ''  port: 3306  mariadb.org binary distribution
2019-06-24 22:58:19 e68 InnoDB: Warning: Using innodb_additional_mem_pool_size is DEPRECATED. This option may be removed in future releases, together with the option innodb_use_sys_malloc and with the InnoDB's internal memory allocator.
2019-06-24 22:58:19 3688 [Note] InnoDB: innodb_empty_free_list_algorithm has been changed to legacy because of small buffer pool size. In order to use backoff, increase buffer pool at least up to 20MB.

2019-06-24 22:58:19 3688 [Note] InnoDB: Using mutexes to ref count buffer pool pages
2019-06-24 22:58:19 3688 [Note] InnoDB: The InnoDB memory heap is disabled
2019-06-24 22:58:19 3688 [Note] InnoDB: Mutexes and rw_locks use Windows interlocked functions
2019-06-24 22:58:19 3688 [Note] InnoDB: _mm_lfence() and _mm_sfence() are used for memory barrier
2019-06-24 22:58:19 3688 [Note] InnoDB: Compressed tables use zlib 1.2.11
2019-06-24 22:58:19 3688 [Note] InnoDB: Using generic crc32 instructions
2019-06-24 22:58:19 3688 [Note] InnoDB: Initializing buffer pool, size = 16.0M
2019-06-24 22:58:19 3688 [Note] InnoDB: Completed initialization of buffer pool
2019-06-24 22:58:19 3688 [Note] InnoDB: Highest supported file format is Barracuda.
2019-06-24 22:58:19 3688 [Note] InnoDB: The log sequence number 1835037 in ibdata file do not match the log sequence number 2974321 in the ib_logfiles!
2019-06-24 22:58:19 3688 [Note] InnoDB: Restoring possible half-written data pages from the doublewrite buffer...
2019-06-24 22:58:20 3688 [Note] InnoDB: 128 rollback segment(s) are active.
2019-06-24 22:58:20 3688 [Note] InnoDB: Waiting for purge to start
2019-06-24 22:58:20 3688 [Note] InnoDB:  Percona XtraDB (http://www.percona.com) 5.6.42-84.2 started; log sequence number 2974321
2019-06-24 22:58:20 10616 [Note] InnoDB: Dumping buffer pool(s) not yet started
2019-06-24 22:58:20 3688 [Note] Plugin 'FEEDBACK' is disabled.
2019-06-24 22:58:20 3688 [Note] Server socket created on IP: '::'.
2019-06-24 22:58:20 3688 [Note] c:\xampp\mysql\bin\mysqld.exe: ready for connections.
Version: '10.1.38-MariaDB'  socket: ''  port: 3306  mariadb.org binary distribution
2019-06-24 22:59:42 28a0 InnoDB: Warning: Using innodb_additional_mem_pool_size is DEPRECATED. This option may be removed in future releases, together with the option innodb_use_sys_malloc and with the InnoDB's internal memory allocator.
2019-06-24 22:59:42 10400 [Note] InnoDB: innodb_empty_free_list_algorithm has been changed to legacy because of small buffer pool size. In order to use backoff, increase buffer pool at least up to 20MB.

2019-06-24 22:59:42 10400 [Note] InnoDB: Using mutexes to ref count buffer pool pages
2019-06-24 22:59:42 10400 [Note] InnoDB: The InnoDB memory heap is disabled
2019-06-24 22:59:42 10400 [Note] InnoDB: Mutexes and rw_locks use Windows interlocked functions
2019-06-24 22:59:42 10400 [Note] InnoDB: _mm_lfence() and _mm_sfence() are used for memory barrier
2019-06-24 22:59:42 10400 [Note] InnoDB: Compressed tables use zlib 1.2.11
2019-06-24 22:59:42 10400 [Note] InnoDB: Using generic crc32 instructions
2019-06-24 22:59:42 10400 [Note] InnoDB: Initializing buffer pool, size = 16.0M
2019-06-24 22:59:42 10400 [Note] InnoDB: Completed initialization of buffer pool
2019-06-24 22:59:42 10400 [Note] InnoDB: Highest supported file format is Barracuda.
2019-06-24 22:59:42 10400 [Note] InnoDB: The log sequence number 1835037 in ibdata file do not match the log sequence number 2974331 in the ib_logfiles!
2019-06-24 22:59:42 10400 [Note] InnoDB: Restoring possible half-written data pages from the doublewrite buffer...
2019-06-24 22:59:42 10400 [Note] InnoDB: 128 rollback segment(s) are active.
2019-06-24 22:59:42 10400 [Note] InnoDB: Waiting for purge to start
2019-06-24 22:59:42 10400 [Note] InnoDB:  Percona XtraDB (http://www.percona.com) 5.6.42-84.2 started; log sequence number 2974331
2019-06-24 22:59:42 3104 [Note] InnoDB: Dumping buffer pool(s) not yet started
2019-06-24 22:59:42 10400 [Note] Plugin 'FEEDBACK' is disabled.
2019-06-24 22:59:42 10400 [Note] Server socket created on IP: '::'.
2019-06-24 22:59:42 10400 [Note] c:\xampp\mysql\bin\mysqld.exe: ready for connections.
Version: '10.1.38-MariaDB'  socket: ''  port: 3306  mariadb.org binary distribution
2019-06-25 21:11:06 15ec InnoDB: Warning: Using innodb_additional_mem_pool_size is DEPRECATED. This option may be removed in future releases, together with the option innodb_use_sys_malloc and with the InnoDB's internal memory allocator.
2019-06-25 21:11:06 5612 [Note] InnoDB: innodb_empty_free_list_algorithm has been changed to legacy because of small buffer pool size. In order to use backoff, increase buffer pool at least up to 20MB.

2019-06-25 21:11:06 5612 [Note] InnoDB: Using mutexes to ref count buffer pool pages
2019-06-25 21:11:06 5612 [Note] InnoDB: The InnoDB memory heap is disabled
2019-06-25 21:11:06 5612 [Note] InnoDB: Mutexes and rw_locks use Windows interlocked functions
2019-06-25 21:11:06 5612 [Note] InnoDB: _mm_lfence() and _mm_sfence() are used for memory barrier
2019-06-25 21:11:06 5612 [Note] InnoDB: Compressed tables use zlib 1.2.11
2019-06-25 21:11:06 5612 [Note] InnoDB: Using generic crc32 instructions
2019-06-25 21:11:06 5612 [Note] InnoDB: Initializing buffer pool, size = 16.0M
2019-06-25 21:11:06 5612 [Note] InnoDB: Completed initialization of buffer pool
2019-06-25 21:11:06 5612 [Note] InnoDB: Highest supported file format is Barracuda.
2019-06-25 21:11:06 5612 [Note] InnoDB: The log sequence number 1835037 in ibdata file do not match the log sequence number 2974341 in the ib_logfiles!
2019-06-25 21:11:06 5612 [Note] InnoDB: Restoring possible half-written data pages from the doublewrite buffer...
2019-06-25 21:11:06 5612 [Note] InnoDB: 128 rollback segment(s) are active.
2019-06-25 21:11:06 5612 [Note] InnoDB: Waiting for purge to start
2019-06-25 21:11:06 5612 [Note] InnoDB:  Percona XtraDB (http://www.percona.com) 5.6.42-84.2 started; log sequence number 2974341
2019-06-25 21:11:06 8816 [Note] InnoDB: Dumping buffer pool(s) not yet started
2019-06-25 21:11:06 5612 [Note] Plugin 'FEEDBACK' is disabled.
2019-06-25 21:11:06 5612 [Note] Server socket created on IP: '::'.
2019-06-25 21:11:07 5612 [Note] c:\xampp\mysql\bin\mysqld.exe: ready for connections.
Version: '10.1.38-MariaDB'  socket: ''  port: 3306  mariadb.org binary distribution
2019-06-25 22:08:07 3ab0 InnoDB: Warning: Using innodb_additional_mem_pool_size is DEPRECATED. This option may be removed in future releases, together with the option innodb_use_sys_malloc and with the InnoDB's internal memory allocator.
2019-06-25 22:08:07 15024 [Note] InnoDB: innodb_empty_free_list_algorithm has been changed to legacy because of small buffer pool size. In order to use backoff, increase buffer pool at least up to 20MB.

2019-06-25 22:08:07 15024 [Note] InnoDB: Using mutexes to ref count buffer pool pages
2019-06-25 22:08:07 15024 [Note] InnoDB: The InnoDB memory heap is disabled
2019-06-25 22:08:07 15024 [Note] InnoDB: Mutexes and rw_locks use Windows interlocked functions
2019-06-25 22:08:07 15024 [Note] InnoDB: _mm_lfence() and _mm_sfence() are used for memory barrier
2019-06-25 22:08:07 15024 [Note] InnoDB: Compressed tables use zlib 1.2.11
2019-06-25 22:08:07 15024 [Note] InnoDB: Using generic crc32 instructions
2019-06-25 22:08:07 15024 [Note] InnoDB: Initializing buffer pool, size = 16.0M
2019-06-25 22:08:07 15024 [Note] InnoDB: Completed initialization of buffer pool
2019-06-25 22:08:07 15024 [Note] InnoDB: Highest supported file format is Barracuda.
2019-06-25 22:08:07 15024 [Note] InnoDB: The log sequence number 1835037 in ibdata file do not match the log sequence number 2992809 in the ib_logfiles!
2019-06-25 22:08:07 15024 [Note] InnoDB: Restoring possible half-written data pages from the doublewrite buffer...
2019-06-25 22:08:07 15024 [Note] InnoDB: 128 rollback segment(s) are active.
2019-06-25 22:08:07 15024 [Note] InnoDB: Waiting for purge to start
2019-06-25 22:08:07 15024 [Note] InnoDB:  Percona XtraDB (http://www.percona.com) 5.6.42-84.2 started; log sequence number 2992809
2019-06-25 22:08:07 4976 [Note] InnoDB: Dumping buffer pool(s) not yet started
2019-06-25 22:08:07 15024 [Note] Plugin 'FEEDBACK' is disabled.
2019-06-25 22:08:07 15024 [Note] Server socket created on IP: '::'.
2019-06-25 22:08:07 15024 [Note] c:\xampp\mysql\bin\mysqld.exe: ready for connections.
Version: '10.1.38-MariaDB'  socket: ''  port: 3306  mariadb.org binary distribution
2019-06-25 23:34:31 1c3c InnoDB: Warning: Using innodb_additional_mem_pool_size is DEPRECATED. This option may be removed in future releases, together with the option innodb_use_sys_malloc and with the InnoDB's internal memory allocator.
2019-06-25 23:34:31 7228 [Note] InnoDB: innodb_empty_free_list_algorithm has been changed to legacy because of small buffer pool size. In order to use backoff, increase buffer pool at least up to 20MB.

2019-06-25 23:34:31 7228 [Note] InnoDB: Using mutexes to ref count buffer pool pages
2019-06-25 23:34:31 7228 [Note] InnoDB: The InnoDB memory heap is disabled
2019-06-25 23:34:31 7228 [Note] InnoDB: Mutexes and rw_locks use Windows interlocked functions
2019-06-25 23:34:31 7228 [Note] InnoDB: _mm_lfence() and _mm_sfence() are used for memory barrier
2019-06-25 23:34:31 7228 [Note] InnoDB: Compressed tables use zlib 1.2.11
2019-06-25 23:34:31 7228 [Note] InnoDB: Using generic crc32 instructions
2019-06-25 23:34:31 7228 [Note] InnoDB: Initializing buffer pool, size = 16.0M
2019-06-25 23:34:31 7228 [Note] InnoDB: Completed initialization of buffer pool
2019-06-25 23:34:31 7228 [Note] InnoDB: Highest supported file format is Barracuda.
2019-06-25 23:34:31 7228 [Note] InnoDB: The log sequence number 1835037 in ibdata file do not match the log sequence number 3007433 in the ib_logfiles!
2019-06-25 23:34:31 7228 [Note] InnoDB: Restoring possible half-written data pages from the doublewrite buffer...
2019-06-25 23:34:31 7228 [Note] InnoDB: 128 rollback segment(s) are active.
2019-06-25 23:34:31 7228 [Note] InnoDB: Waiting for purge to start
2019-06-25 23:34:31 7228 [Note] InnoDB:  Percona XtraDB (http://www.percona.com) 5.6.42-84.2 started; log sequence number 3007433
2019-06-25 23:34:31 7392 [Note] InnoDB: Dumping buffer pool(s) not yet started
2019-06-25 23:34:31 7228 [Note] Plugin 'FEEDBACK' is disabled.
2019-06-25 23:34:31 7228 [Note] Server socket created on IP: '::'.
2019-06-25 23:34:31 7228 [Note] c:\xampp\mysql\bin\mysqld.exe: ready for connections.
Version: '10.1.38-MariaDB'  socket: ''  port: 3306  mariadb.org binary distribution
2019-06-27 00:25:44 3f50 InnoDB: Warning: Using innodb_additional_mem_pool_size is DEPRECATED. This option may be removed in future releases, together with the option innodb_use_sys_malloc and with the InnoDB's internal memory allocator.
2019-06-27  0:25:44 16208 [Note] InnoDB: innodb_empty_free_list_algorithm has been changed to legacy because of small buffer pool size. In order to use backoff, increase buffer pool at least up to 20MB.

2019-06-27  0:25:44 16208 [Note] InnoDB: Using mutexes to ref count buffer pool pages
2019-06-27  0:25:44 16208 [Note] InnoDB: The InnoDB memory heap is disabled
2019-06-27  0:25:44 16208 [Note] InnoDB: Mutexes and rw_locks use Windows interlocked functions
2019-06-27  0:25:44 16208 [Note] InnoDB: _mm_lfence() and _mm_sfence() are used for memory barrier
2019-06-27  0:25:44 16208 [Note] InnoDB: Compressed tables use zlib 1.2.11
2019-06-27  0:25:44 16208 [Note] InnoDB: Using generic crc32 instructions
2019-06-27  0:25:44 16208 [Note] InnoDB: Initializing buffer pool, size = 16.0M
2019-06-27  0:25:44 16208 [Note] InnoDB: Completed initialization of buffer pool
2019-06-27  0:25:44 16208 [Note] InnoDB: Highest supported file format is Barracuda.
2019-06-27  0:25:44 16208 [Note] InnoDB: The log sequence number 1835037 in ibdata file do not match the log sequence number 3010024 in the ib_logfiles!
2019-06-27  0:25:45 16208 [Note] InnoDB: Restoring possible half-written data pages from the doublewrite buffer...
2019-06-27  0:25:45 16208 [Note] InnoDB: 128 rollback segment(s) are active.
2019-06-27  0:25:45 16208 [Note] InnoDB: Waiting for purge to start
2019-06-27  0:25:45 16208 [Note] InnoDB:  Percona XtraDB (http://www.percona.com) 5.6.42-84.2 started; log sequence number 3010024
2019-06-27  0:25:45 15660 [Note] InnoDB: Dumping buffer pool(s) not yet started
2019-06-27  0:25:45 16208 [Note] Plugin 'FEEDBACK' is disabled.
2019-06-27  0:25:45 16208 [Note] Server socket created on IP: '::'.
2019-06-27  0:25:45 16208 [Note] c:\xampp\mysql\bin\mysqld.exe: ready for connections.
Version: '10.1.38-MariaDB'  socket: ''  port: 3306  mariadb.org binary distribution
2019-06-28 00:10:30 442c InnoDB: Warning: Using innodb_additional_mem_pool_size is DEPRECATED. This option may be removed in future releases, together with the option innodb_use_sys_malloc and with the InnoDB's internal memory allocator.
2019-06-28  0:10:30 17452 [Note] InnoDB: innodb_empty_free_list_algorithm has been changed to legacy because of small buffer pool size. In order to use backoff, increase buffer pool at least up to 20MB.

2019-06-28  0:10:30 17452 [Note] InnoDB: Using mutexes to ref count buffer pool pages
2019-06-28  0:10:30 17452 [Note] InnoDB: The InnoDB memory heap is disabled
2019-06-28  0:10:30 17452 [Note] InnoDB: Mutexes and rw_locks use Windows interlocked functions
2019-06-28  0:10:30 17452 [Note] InnoDB: _mm_lfence() and _mm_sfence() are used for memory barrier
2019-06-28  0:10:30 17452 [Note] InnoDB: Compressed tables use zlib 1.2.11
2019-06-28  0:10:30 17452 [Note] InnoDB: Using generic crc32 instructions
2019-06-28  0:10:30 17452 [Note] InnoDB: Initializing buffer pool, size = 16.0M
2019-06-28  0:10:30 17452 [Note] InnoDB: Completed initialization of buffer pool
2019-06-28  0:10:30 17452 [Note] InnoDB: Highest supported file format is Barracuda.
2019-06-28  0:10:30 17452 [Note] InnoDB: The log sequence number 1835037 in ibdata file do not match the log sequence number 3010324 in the ib_logfiles!
2019-06-28  0:10:31 17452 [Note] InnoDB: Restoring possible half-written data pages from the doublewrite buffer...
2019-06-28  0:10:31 17452 [Note] InnoDB: 128 rollback segment(s) are active.
2019-06-28  0:10:31 17452 [Note] InnoDB: Waiting for purge to start
2019-06-28  0:10:31 17452 [Note] InnoDB:  Percona XtraDB (http://www.percona.com) 5.6.42-84.2 started; log sequence number 3010324
2019-06-28  0:10:31 12456 [Note] InnoDB: Dumping buffer pool(s) not yet started
2019-06-28  0:10:31 17452 [Note] Plugin 'FEEDBACK' is disabled.
2019-06-28  0:10:31 17452 [Note] Server socket created on IP: '::'.
2019-06-28  0:10:31 17452 [Note] c:\xampp\mysql\bin\mysqld.exe: ready for connections.
Version: '10.1.38-MariaDB'  socket: ''  port: 3306  mariadb.org binary distribution
2019-06-28 22:35:22 3aa0 InnoDB: Warning: Using innodb_additional_mem_pool_size is DEPRECATED. This option may be removed in future releases, together with the option innodb_use_sys_malloc and with the InnoDB's internal memory allocator.
2019-06-28 22:35:22 15008 [Note] InnoDB: innodb_empty_free_list_algorithm has been changed to legacy because of small buffer pool size. In order to use backoff, increase buffer pool at least up to 20MB.

2019-06-28 22:35:22 15008 [Note] InnoDB: Using mutexes to ref count buffer pool pages
2019-06-28 22:35:22 15008 [Note] InnoDB: The InnoDB memory heap is disabled
2019-06-28 22:35:22 15008 [Note] InnoDB: Mutexes and rw_locks use Windows interlocked functions
2019-06-28 22:35:22 15008 [Note] InnoDB: _mm_lfence() and _mm_sfence() are used for memory barrier
2019-06-28 22:35:22 15008 [Note] InnoDB: Compressed tables use zlib 1.2.11
2019-06-28 22:35:22 15008 [Note] InnoDB: Using generic crc32 instructions
2019-06-28 22:35:22 15008 [Note] InnoDB: Initializing buffer pool, size = 16.0M
2019-06-28 22:35:22 15008 [Note] InnoDB: Completed initialization of buffer pool
2019-06-28 22:35:22 15008 [Note] InnoDB: Highest supported file format is Barracuda.
2019-06-28 22:35:22 15008 [Note] InnoDB: The log sequence number 1835037 in ibdata file do not match the log sequence number 3010334 in the ib_logfiles!
2019-06-28 22:35:22 15008 [Note] InnoDB: Restoring possible half-written data pages from the doublewrite buffer...
2019-06-28 22:35:23 15008 [Note] InnoDB: 128 rollback segment(s) are active.
2019-06-28 22:35:23 15008 [Note] InnoDB: Waiting for purge to start
2019-06-28 22:35:23 15008 [Note] InnoDB:  Percona XtraDB (http://www.percona.com) 5.6.42-84.2 started; log sequence number 3010334
2019-06-28 22:35:23 1184 [Note] InnoDB: Dumping buffer pool(s) not yet started
2019-06-28 22:35:23 15008 [Note] Plugin 'FEEDBACK' is disabled.
2019-06-28 22:35:23 15008 [Note] Server socket created on IP: '::'.
2019-06-28 22:35:23 15008 [Note] c:\xampp\mysql\bin\mysqld.exe: ready for connections.
Version: '10.1.38-MariaDB'  socket: ''  port: 3306  mariadb.org binary distribution
2019-06-28 22:51:42 39ec InnoDB: Warning: Using innodb_additional_mem_pool_size is DEPRECATED. This option may be removed in future releases, together with the option innodb_use_sys_malloc and with the InnoDB's internal memory allocator.
2019-06-28 22:51:42 14828 [Note] InnoDB: innodb_empty_free_list_algorithm has been changed to legacy because of small buffer pool size. In order to use backoff, increase buffer pool at least up to 20MB.

2019-06-28 22:51:42 14828 [Note] InnoDB: Using mutexes to ref count buffer pool pages
2019-06-28 22:51:42 14828 [Note] InnoDB: The InnoDB memory heap is disabled
2019-06-28 22:51:42 14828 [Note] InnoDB: Mutexes and rw_locks use Windows interlocked functions
2019-06-28 22:51:42 14828 [Note] InnoDB: _mm_lfence() and _mm_sfence() are used for memory barrier
2019-06-28 22:51:42 14828 [Note] InnoDB: Compressed tables use zlib 1.2.11
2019-06-28 22:51:42 14828 [Note] InnoDB: Using generic crc32 instructions
2019-06-28 22:51:42 14828 [Note] InnoDB: Initializing buffer pool, size = 16.0M
2019-06-28 22:51:42 14828 [Note] InnoDB: Completed initialization of buffer pool
2019-06-28 22:51:42 14828 [Note] InnoDB: Highest supported file format is Barracuda.
2019-06-28 22:51:42 14828 [Note] InnoDB: The log sequence number 1835037 in ibdata file do not match the log sequence number 3010344 in the ib_logfiles!
2019-06-28 22:51:42 14828 [Note] InnoDB: Restoring possible half-written data pages from the doublewrite buffer...
2019-06-28 22:51:42 14828 [Note] InnoDB: 128 rollback segment(s) are active.
2019-06-28 22:51:42 14828 [Note] InnoDB: Waiting for purge to start
2019-06-28 22:51:42 14828 [Note] InnoDB:  Percona XtraDB (http://www.percona.com) 5.6.42-84.2 started; log sequence number 3010344
2019-06-28 22:51:42 16816 [Note] InnoDB: Dumping buffer pool(s) not yet started
2019-06-28 22:51:42 14828 [Note] Plugin 'FEEDBACK' is disabled.
2019-06-28 22:51:42 14828 [Note] Server socket created on IP: '::'.
2019-06-28 22:51:42 14828 [Note] c:\xampp\mysql\bin\mysqld.exe: ready for connections.
Version: '10.1.38-MariaDB'  socket: ''  port: 3306  mariadb.org binary distribution
2019-06-28 23:00:27 2314 InnoDB: Warning: Using innodb_additional_mem_pool_size is DEPRECATED. This option may be removed in future releases, together with the option innodb_use_sys_malloc and with the InnoDB's internal memory allocator.
2019-06-28 23:00:27 8980 [Note] InnoDB: innodb_empty_free_list_algorithm has been changed to legacy because of small buffer pool size. In order to use backoff, increase buffer pool at least up to 20MB.

2019-06-28 23:00:27 8980 [Note] InnoDB: Using mutexes to ref count buffer pool pages
2019-06-28 23:00:27 8980 [Note] InnoDB: The InnoDB memory heap is disabled
2019-06-28 23:00:27 8980 [Note] InnoDB: Mutexes and rw_locks use Windows interlocked functions
2019-06-28 23:00:27 8980 [Note] InnoDB: _mm_lfence() and _mm_sfence() are used for memory barrier
2019-06-28 23:00:27 8980 [Note] InnoDB: Compressed tables use zlib 1.2.11
2019-06-28 23:00:27 8980 [Note] InnoDB: Using generic crc32 instructions
2019-06-28 23:00:27 8980 [Note] InnoDB: Initializing buffer pool, size = 16.0M
2019-06-28 23:00:27 8980 [Note] InnoDB: Completed initialization of buffer pool
2019-06-28 23:00:27 8980 [Note] InnoDB: Highest supported file format is Barracuda.
2019-06-28 23:00:27 8980 [Note] InnoDB: The log sequence number 1835037 in ibdata file do not match the log sequence number 3010354 in the ib_logfiles!
2019-06-28 23:00:27 8980 [Note] InnoDB: Restoring possible half-written data pages from the doublewrite buffer...
2019-06-28 23:00:28 8980 [Note] InnoDB: 128 rollback segment(s) are active.
2019-06-28 23:00:28 8980 [Note] InnoDB: Waiting for purge to start
2019-06-28 23:00:28 8980 [Note] InnoDB:  Percona XtraDB (http://www.percona.com) 5.6.42-84.2 started; log sequence number 3010354
2019-06-28 23:00:28 8208 [Note] InnoDB: Dumping buffer pool(s) not yet started
2019-06-28 23:00:28 8980 [Note] Plugin 'FEEDBACK' is disabled.
2019-06-28 23:00:28 8980 [Note] Server socket created on IP: '::'.
2019-06-28 23:00:28 8980 [Note] c:\xampp\mysql\bin\mysqld.exe: ready for connections.
Version: '10.1.38-MariaDB'  socket: ''  port: 3306  mariadb.org binary distribution
2019-06-28 23:32:29 45bc InnoDB: Warning: Using innodb_additional_mem_pool_size is DEPRECATED. This option may be removed in future releases, together with the option innodb_use_sys_malloc and with the InnoDB's internal memory allocator.
2019-06-28 23:32:29 17852 [Note] InnoDB: innodb_empty_free_list_algorithm has been changed to legacy because of small buffer pool size. In order to use backoff, increase buffer pool at least up to 20MB.

2019-06-28 23:32:29 17852 [Note] InnoDB: Using mutexes to ref count buffer pool pages
2019-06-28 23:32:29 17852 [Note] InnoDB: The InnoDB memory heap is disabled
2019-06-28 23:32:29 17852 [Note] InnoDB: Mutexes and rw_locks use Windows interlocked functions
2019-06-28 23:32:29 17852 [Note] InnoDB: _mm_lfence() and _mm_sfence() are used for memory barrier
2019-06-28 23:32:29 17852 [Note] InnoDB: Compressed tables use zlib 1.2.11
2019-06-28 23:32:29 17852 [Note] InnoDB: Using generic crc32 instructions
2019-06-28 23:32:29 17852 [Note] InnoDB: Initializing buffer pool, size = 16.0M
2019-06-28 23:32:29 17852 [Note] InnoDB: Completed initialization of buffer pool
2019-06-28 23:32:29 17852 [Note] InnoDB: Highest supported file format is Barracuda.
2019-06-28 23:32:29 17852 [Note] InnoDB: The log sequence number 1835037 in ibdata file do not match the log sequence number 3010364 in the ib_logfiles!
2019-06-28 23:32:29 17852 [Note] InnoDB: Restoring possible half-written data pages from the doublewrite buffer...
2019-06-28 23:32:29 17852 [Note] InnoDB: 128 rollback segment(s) are active.
2019-06-28 23:32:29 17852 [Note] InnoDB: Waiting for purge to start
2019-06-28 23:32:29 17852 [Note] InnoDB:  Percona XtraDB (http://www.percona.com) 5.6.42-84.2 started; log sequence number 3010364
2019-06-28 23:32:29 240 [Note] InnoDB: Dumping buffer pool(s) not yet started
2019-06-28 23:32:29 17852 [Note] Plugin 'FEEDBACK' is disabled.
2019-06-28 23:32:29 17852 [Note] Server socket created on IP: '::'.
2019-06-28 23:32:29 17852 [Note] c:\xampp\mysql\bin\mysqld.exe: ready for connections.
Version: '10.1.38-MariaDB'  socket: ''  port: 3306  mariadb.org binary distribution
2019-06-28 23:38:26 14412 [ERROR] Incorrect definition of table mysql.column_stats: expected column 'min_value' at position 3 to have type varbinary(255), found type varchar(255).
2019-06-28 23:38:26 14412 [ERROR] Incorrect definition of table mysql.column_stats: expected column 'max_value' at position 4 to have type varbinary(255), found type varchar(255).
2019-06-29  0:13:42 15672 [ERROR] Incorrect definition of table mysql.column_stats: expected column 'min_value' at position 3 to have type varbinary(255), found type varchar(255).
2019-06-29  0:13:42 15672 [ERROR] Incorrect definition of table mysql.column_stats: expected column 'max_value' at position 4 to have type varbinary(255), found type varchar(255).
